c301d4cf Update _standalone.html (#1269)
24ffe3f4 Résolution du stockage des logs AIRFLOW sur s3 (#1280)
f6769a3c Update forms.py (#1271)
eb675835 Correctifs assistants avant mise en prod (#1252)
ce50b7ea suppression des fichiers de synchro des dags via s3 et adaptation de la doc (#1260)
556cfaf3 Correction du DAG SINOE, l'année à observé est maintenant 2025 (#1249)
d9679033 Permettre de définir qu'un champ d'un acteur est vide (#1259)
eae26e48 Mise à jour du code de la source screlec en batribox (#1262)
2c4e126e Ne pas prendre en compte les acteurs non actif dans displayedacteur (#1256)
3b218ff5 :memo: CLUSTERING: suggestions à écrire en DB (#1253)
b3272011 fix d'une migration qui ne passe pas en prod (#1264)
3e6a61b2 Revue footer (#1257)
6d1d9ecb Ajout de validateur et de contrainte sur les champs code des modèles (#1255)
9287ca91 Déplacement de la documentation relative à l'utilisation du français et de l'anglais (#1258)
b42603b3 Parent without children (#1247)
e39678fb Simplification des dags source et ajout du contexte (#1248)
882e0251 Correction du DAG CMA, nouveaux champs à supprimer (#1251)
c2089841 Correction de la source par défaut lors de la création d'un nouvel acteur (#1254)
1e9d79fb :scroll: CLUSTERING: amélioration config (#1231)
7235e74d Ajout de l'application data dans le docker AIRFLOW - Scheduler (#1250)
a9db4613 taches de déduplication en ligne et renommage des taches (#1244)
52751db3 Deploiement du cluster airflow sur clevercloud (#1225)
dbb9123e Suppression . à la fin de l'URL pour les pros (#1245)
f9a9aa59 remove url_extra (#1246)
c23b8ca3 Conserver le mode iframe durant la navigation  (#1215)
2f248f11 Bump eslint-config-love from 84.1.1 to 117.0.0 (#1240)
599d1acd Bump orjson from 3.10.14 to 3.10.15 (#1236)
f5dd3dc4 Update action.html (#1235)
856efc28 Ajout du formulaire de contact dans l'assistant (#1190)
b7ee1ec9 Bump sentry-sdk from 2.19.2 to 2.20.0 (#1238)
f5338cf9 Bump eslint-plugin-prettier from 5.2.1 to 5.2.3 (#1241)
45b76e9f Bump @types/node from 22.10.6 to 22.10.7 (#1242)
b197b2fe Bump django-stubs from 5.1.1 to 5.1.2 (#1237)
529d5ab9 Améliorations posthog (#1229)
f284d9c7 Update _standalone.html (#1233)
1f06271e Nouvelle gestion des suggestions (#1174)
17466315 Update action.html (#1234)
7e9c001f Update _embedded.html (#1232)
2e538387  Accessibilite (#1230)
